{
  "RSpec": {
    "coverage": {
      "/Users/lyu/Desktop/movie-recommender/app/helpers/application_helper.rb": [
        1,
        null
      ],
      "/Users/lyu/Desktop/movie-recommender/app/helpers/movies_helper.rb": [
        1,
        null
      ],
      "/Users/lyu/Desktop/movie-recommender/app/models/flight.rb": [
        1,
        null
      ],
      "/Users/lyu/Desktop/movie-recommender/app/models/genre.rb": [
        1,
        1,
        1,
        1,
        null
      ],
      "/Users/lyu/Desktop/movie-recommender/app/models/movie.rb": [
        1,
        1,
        1,
        null
      ],
      "/Users/lyu/Desktop/movie-recommender/app/models/movie_genre.rb": [
        1,
        1,
        1,
        null
      ],
      "/Users/lyu/Desktop/movie-recommender/app/models/question.rb": [
        1,
        1,
        null
      ],
      "/Users/lyu/Desktop/movie-recommender/app/models/answer.rb": [
        1,
        1,
        1,
        null
      ],
      "/Users/lyu/Desktop/movie-recommender/app/controllers/movies_controller.rb": [
        1,
        1,
        7,
        7,
        null,
        null,
        1,
        null,
        4,
        4,
        4,
        4,
        4,
        null,
        16,
        4,
        4,
        null,
        null,
        4,
        null,
        4,
        8,
        8,
        8,
        null,
        8,
        8,
        8,
        null,
        null,
        12,
        null,
        4,
        4,
        4,
        4,
        8,
        4,
        4,
        null,
        8,
        null,
        4,
        4,
        null,
        null
      ],
      "/Users/lyu/Desktop/movie-recommender/app/controllers/application_controller.rb": [
        1,
        null,
        null,
        1,
        null
      ]
    },
    "timestamp": 1437533980
  }
}
